13:06:00.407 [main] INFO  testCases.TC_001_AccountRegistrationTest - ****    Stating TC_001_AccountRegistrationTest   **** 
13:06:00.546 [main] INFO  testCases.TC_001_AccountRegistrationTest - Clicked on mt account link
13:06:01.854 [main] INFO  testCases.TC_001_AccountRegistrationTest - Clicked on register link
13:06:01.858 [main] INFO  testCases.TC_001_AccountRegistrationTest - Providing customer data
13:06:03.344 [main] INFO  testCases.TC_001_AccountRegistrationTest - test failed
13:09:53.412 [main] DEBUG io.netty.util.internal.logging.InternalLoggerFactory - Using Log4J2 as the default logging framework
13:09:53.421 [main] DEBUG io.netty.util.ResourceLeakDetector - -Dio.netty.leakDetection.level: simple
13:09:53.421 [main] DEBUG io.netty.util.ResourceLeakDetector - -Dio.netty.leakDetection.targetRecords: 4
13:09:53.424 [main] DEBUG io.netty.util.ResourceLeakDetectorFactory - Loaded default ResourceLeakDetector: io.netty.util.ResourceLeakDetector@67a3bd51
13:09:53.444 [main] DEBUG io.netty.util.internal.PlatformDependent0 - -Dio.netty.noUnsafe: false
13:09:53.444 [main] DEBUG io.netty.util.internal.PlatformDependent0 - Java version: 17
13:09:53.445 [main] DEBUG io.netty.util.internal.PlatformDependent0 - sun.misc.Unsafe.theUnsafe: available
13:09:53.445 [main] DEBUG io.netty.util.internal.PlatformDependent0 - sun.misc.Unsafe.copyMemory: available
13:09:53.445 [main] DEBUG io.netty.util.internal.PlatformDependent0 - sun.misc.Unsafe.storeFence: available
13:09:53.446 [main] DEBUG io.netty.util.internal.PlatformDependent0 - java.nio.Buffer.address: available
13:09:53.446 [main] DEBUG io.netty.util.internal.PlatformDependent0 - direct buffer constructor: unavailable: Reflective setAccessible(true) disabled
13:09:53.449 [main] DEBUG io.netty.util.internal.PlatformDependent0 - java.nio.Bits.unaligned: available, true
13:09:53.449 [main] DEBUG io.netty.util.internal.PlatformDependent0 - jdk.internal.misc.Unsafe.allocateUninitializedArray(int): unavailable: class io.netty.util.internal.PlatformDependent0$7 cannot access class jdk.internal.misc.Unsafe (in module java.base) because module java.base does not export jdk.internal.misc to unnamed module @2096442d
13:09:53.450 [main] DEBUG io.netty.util.internal.PlatformDependent0 - java.nio.DirectByteBuffer.<init>(long, int): unavailable
13:09:53.450 [main] DEBUG io.netty.util.internal.PlatformDependent - sun.misc.Unsafe: available
13:09:53.451 [main] DEBUG io.netty.util.internal.PlatformDependent - maxDirectMemory: 2078277632 bytes (maybe)
13:09:53.451 [main] DEBUG io.netty.util.internal.PlatformDependent - -Dio.netty.tmpdir: C:\Users\akhil\AppData\Local\Temp (java.io.tmpdir)
13:09:53.451 [main] DEBUG io.netty.util.internal.PlatformDependent - -Dio.netty.bitMode: 64 (sun.arch.data.model)
13:09:53.451 [main] DEBUG io.netty.util.internal.PlatformDependent - Platform: Windows
13:09:53.452 [main] DEBUG io.netty.util.internal.PlatformDependent - -Dio.netty.maxDirectMemory: -1 bytes
13:09:53.452 [main] DEBUG io.netty.util.internal.PlatformDependent - -Dio.netty.uninitializedArrayAllocationThreshold: -1
13:09:53.452 [main] DEBUG io.netty.util.internal.CleanerJava9 - java.nio.ByteBuffer.cleaner(): available
13:09:53.453 [main] DEBUG io.netty.util.internal.PlatformDependent - -Dio.netty.noPreferDirect: false
13:09:53.457 [main] DEBUG io.netty.util.internal.PlatformDependent - org.jctools-core.MpscChunkedArrayQueue: available
13:09:53.469 [main] DEBUG io.netty.util.internal.InternalThreadLocalMap - -Dio.netty.threadLocalMap.stringBuilder.initialSize: 1024
13:09:53.469 [main] DEBUG io.netty.util.internal.InternalThreadLocalMap - -Dio.netty.threadLocalMap.stringBuilder.maxSize: 4096
13:09:53.478 [main] DEBUG io.netty.handler.ssl.JdkSslContext - Default protocols (JDK): [TLSv1.3, TLSv1.2] 
13:09:53.478 [main] DEBUG io.netty.handler.ssl.JdkSslContext - Default cipher suites (JDK): [TLS_ECDHE_ECDSA_WITH_AES_256_GCM_SHA384, TLS_ECDHE_ECDSA_WITH_AES_128_GCM_SHA256, TLS_ECDHE_RSA_WITH_AES_128_GCM_SHA256, TLS_ECDHE_RSA_WITH_AES_256_GCM_SHA384, TLS_ECDHE_RSA_WITH_AES_128_CBC_SHA, TLS_ECDHE_RSA_WITH_AES_256_CBC_SHA, TLS_RSA_WITH_AES_128_GCM_SHA256, TLS_RSA_WITH_AES_128_CBC_SHA, TLS_RSA_WITH_AES_256_CBC_SHA, TLS_AES_128_GCM_SHA256, TLS_AES_256_GCM_SHA384]
13:09:53.494 [main] DEBUG io.netty.channel.MultithreadEventLoopGroup - -Dio.netty.eventLoopThreads: 16
13:09:53.507 [main] DEBUG io.netty.channel.nio.NioEventLoop - -Dio.netty.noKeySetOptimization: false
13:09:53.507 [main] DEBUG io.netty.channel.nio.NioEventLoop - -Dio.netty.selectorAutoRebuildThreshold: 512
13:09:53.552 [main] DEBUG io.netty.buffer.PooledByteBufAllocator - -Dio.netty.allocator.numHeapArenas: 16
13:09:53.552 [main] DEBUG io.netty.buffer.PooledByteBufAllocator - -Dio.netty.allocator.numDirectArenas: 16
13:09:53.552 [main] DEBUG io.netty.buffer.PooledByteBufAllocator - -Dio.netty.allocator.pageSize: 8192
13:09:53.552 [main] DEBUG io.netty.buffer.PooledByteBufAllocator - -Dio.netty.allocator.maxOrder: 9
13:09:53.553 [main] DEBUG io.netty.buffer.PooledByteBufAllocator - -Dio.netty.allocator.chunkSize: 4194304
13:09:53.553 [main] DEBUG io.netty.buffer.PooledByteBufAllocator - -Dio.netty.allocator.smallCacheSize: 256
13:09:53.553 [main] DEBUG io.netty.buffer.PooledByteBufAllocator - -Dio.netty.allocator.normalCacheSize: 64
13:09:53.553 [main] DEBUG io.netty.buffer.PooledByteBufAllocator - -Dio.netty.allocator.maxCachedBufferCapacity: 32768
13:09:53.553 [main] DEBUG io.netty.buffer.PooledByteBufAllocator - -Dio.netty.allocator.cacheTrimInterval: 8192
13:09:53.553 [main] DEBUG io.netty.buffer.PooledByteBufAllocator - -Dio.netty.allocator.cacheTrimIntervalMillis: 0
13:09:53.553 [main] DEBUG io.netty.buffer.PooledByteBufAllocator - -Dio.netty.allocator.useCacheForAllThreads: false
13:09:53.553 [main] DEBUG io.netty.buffer.PooledByteBufAllocator - -Dio.netty.allocator.maxCachedByteBuffersPerChunk: 1023
13:09:53.561 [main] DEBUG io.netty.buffer.ByteBufUtil - -Dio.netty.allocator.type: pooled
13:09:53.562 [main] DEBUG io.netty.buffer.ByteBufUtil - -Dio.netty.threadLocalDirectBufferSize: 0
13:09:53.562 [main] DEBUG io.netty.buffer.ByteBufUtil - -Dio.netty.maxThreadLocalCharBufferSize: 16384
13:09:53.824 [Forwarding newSession on session null to remote] DEBUG io.netty.channel.DefaultChannelId - -Dio.netty.processId: 13244 (auto-detected)
13:09:53.825 [Forwarding newSession on session null to remote] DEBUG io.netty.util.NetUtil - -Djava.net.preferIPv4Stack: false
13:09:53.825 [Forwarding newSession on session null to remote] DEBUG io.netty.util.NetUtil - -Djava.net.preferIPv6Addresses: false
13:09:53.831 [Forwarding newSession on session null to remote] DEBUG io.netty.util.NetUtilInitializations - Loopback interface: lo (Software Loopback Interface 1, 127.0.0.1)
13:09:53.832 [Forwarding newSession on session null to remote] DEBUG io.netty.util.NetUtil - Failed to get SOMAXCONN from sysctl and file \proc\sys\net\core\somaxconn. Default: 200
13:09:53.847 [Forwarding newSession on session null to remote] DEBUG io.netty.channel.DefaultChannelId - -Dio.netty.machineId: 3c:55:76:ff:fe:f2:93:d7 (auto-detected)
13:09:53.884 [AsyncHttpClient-1-2] DEBUG io.netty.buffer.AbstractByteBuf - -Dio.netty.buffer.checkAccessible: true
13:09:53.884 [AsyncHttpClient-1-2] DEBUG io.netty.buffer.AbstractByteBuf - -Dio.netty.buffer.checkBounds: true
13:09:53.884 [AsyncHttpClient-1-2] DEBUG io.netty.util.ResourceLeakDetectorFactory - Loaded default ResourceLeakDetector: io.netty.util.ResourceLeakDetector@5768ef29
13:09:53.899 [AsyncHttpClient-1-2] DEBUG io.netty.util.Recycler - -Dio.netty.recycler.maxCapacityPerThread: 4096
13:09:53.899 [AsyncHttpClient-1-2] DEBUG io.netty.util.Recycler - -Dio.netty.recycler.ratio: 8
13:09:53.899 [AsyncHttpClient-1-2] DEBUG io.netty.util.Recycler - -Dio.netty.recycler.chunkSize: 32
13:09:53.899 [AsyncHttpClient-1-2] DEBUG io.netty.util.Recycler - -Dio.netty.recycler.blocking: false
13:09:54.495 [AsyncHttpClient-1-2] DEBUG io.netty.handler.codec.compression.Brotli - brotli4j not in the classpath; Brotli support will be unavailable.
13:09:54.620 [main] DEBUG io.netty.util.internal.ThreadLocalRandom - -Dio.netty.initialSeedUniquifier: 0x245c4ed250414449
13:09:58.198 [main] DEBUG testCases.TC_001_AccountRegistrationTest - application logs.....................
13:09:58.198 [main] INFO  testCases.TC_001_AccountRegistrationTest - ****    Stating TC_001_AccountRegistrationTest   **** 
13:09:58.328 [main] INFO  testCases.TC_001_AccountRegistrationTest - Clicked on my account link
13:09:59.055 [main] INFO  testCases.TC_001_AccountRegistrationTest - Clicked on register link
13:09:59.058 [main] INFO  testCases.TC_001_AccountRegistrationTest - Providing customer data
13:10:00.667 [main] INFO  testCases.TC_001_AccountRegistrationTest - test failed
13:10:40.843 [main] INFO  testCases.TC_001_AccountRegistrationTest - ****    Stating TC_001_AccountRegistrationTest   **** 
13:10:40.989 [main] INFO  testCases.TC_001_AccountRegistrationTest - Clicked on my account link
13:10:41.567 [main] INFO  testCases.TC_001_AccountRegistrationTest - Clicked on register link
13:10:41.570 [main] INFO  testCases.TC_001_AccountRegistrationTest - Providing customer data
13:10:43.074 [main] INFO  testCases.TC_001_AccountRegistrationTest - test failed
15:40:11.626 [main] INFO  testCases.TC_001_AccountRegistrationTest - ****    Stating TC_001_AccountRegistrationTest   **** 
15:40:21.694 [main] INFO  testCases.TC_001_AccountRegistrationTest - test failed
15:40:41.246 [main] INFO  testCases.TC_001_AccountRegistrationTest - ****    Stating TC_001_AccountRegistrationTest   **** 
15:40:48.549 [main] INFO  testCases.TC_001_AccountRegistrationTest - test failed
15:41:13.220 [main] INFO  testCases.TC_001_AccountRegistrationTest - ****    Stating TC_001_AccountRegistrationTest   **** 
15:41:13.338 [main] INFO  testCases.TC_001_AccountRegistrationTest - Clicked on my account link
15:41:14.005 [main] INFO  testCases.TC_001_AccountRegistrationTest - Clicked on register link
15:41:14.009 [main] INFO  testCases.TC_001_AccountRegistrationTest - Providing customer data
15:41:15.433 [main] INFO  testCases.TC_001_AccountRegistrationTest - test failed
15:42:05.621 [main] INFO  testCases.TC_001_AccountRegistrationTest - ****    Stating TC_001_AccountRegistrationTest   **** 
15:42:05.768 [main] INFO  testCases.TC_001_AccountRegistrationTest - Clicked on my account link
15:42:06.680 [main] INFO  testCases.TC_001_AccountRegistrationTest - Clicked on register link
15:42:06.685 [main] INFO  testCases.TC_001_AccountRegistrationTest - Providing customer data
15:42:08.374 [main] INFO  testCases.TC_001_AccountRegistrationTest - test failed
16:16:34.648 [main] INFO  testCases.TC_001_AccountRegistrationTest - ****    Stating TC_001_AccountRegistrationTest   **** 
16:16:42.571 [main] INFO  testCases.TC_001_AccountRegistrationTest - test failed
16:19:12.107 [main] INFO  testCases.TC_001_AccountRegistrationTest - ****    Stating TC_001_AccountRegistrationTest   **** 
16:19:22.192 [main] INFO  testCases.TC_001_AccountRegistrationTest - test failed
21:14:31.770 [main] INFO  testCases.TC_001_AccountRegistrationTest - ****    Stating TC_001_AccountRegistrationTest   **** 
21:14:31.858 [main] INFO  testCases.TC_001_AccountRegistrationTest - Clicked on my account link
21:14:32.418 [main] INFO  testCases.TC_001_AccountRegistrationTest - Clicked on register link
21:14:32.422 [main] INFO  testCases.TC_001_AccountRegistrationTest - Providing customer data
21:14:34.031 [main] INFO  testCases.TC_001_AccountRegistrationTest - test failed
21:29:57.310 [main] INFO  testCases.TC_001_AccountRegistrationTest - ****    Stating TC_001_AccountRegistrationTest   **** 
21:29:57.420 [main] INFO  testCases.TC_001_AccountRegistrationTest - Clicked on my account link
21:29:57.876 [main] INFO  testCases.TC_001_AccountRegistrationTest - Clicked on register link
21:29:57.879 [main] INFO  testCases.TC_001_AccountRegistrationTest - Providing customer data
21:29:59.329 [main] INFO  testCases.TC_001_AccountRegistrationTest - test failed
21:30:20.556 [main] INFO  testCases.TC_001_AccountRegistrationTest - ****    Stating TC_001_AccountRegistrationTest   **** 
21:30:20.692 [main] INFO  testCases.TC_001_AccountRegistrationTest - Clicked on my account link
21:30:21.178 [main] INFO  testCases.TC_001_AccountRegistrationTest - Clicked on register link
21:30:21.180 [main] INFO  testCases.TC_001_AccountRegistrationTest - Providing customer data
21:30:22.679 [main] INFO  testCases.TC_001_AccountRegistrationTest - test failed
21:30:48.864 [main] INFO  testCases.TC_001_AccountRegistrationTest - ****    Stating TC_001_AccountRegistrationTest   **** 
21:30:48.965 [main] INFO  testCases.TC_001_AccountRegistrationTest - Clicked on my account link
21:30:49.472 [main] INFO  testCases.TC_001_AccountRegistrationTest - Clicked on register link
21:30:49.475 [main] INFO  testCases.TC_001_AccountRegistrationTest - Providing customer data
21:30:50.867 [main] INFO  testCases.TC_001_AccountRegistrationTest - test failed
21:36:40.049 [TestNG-tests-2] INFO  testCases.TC_001_AccountRegistrationTest - ****    Stating TC_001_AccountRegistrationTest   **** 
21:36:40.166 [TestNG-tests-1] INFO  testCases.TC_001_AccountRegistrationTest - ****    Stating TC_001_AccountRegistrationTest   **** 
21:36:40.312 [TestNG-tests-2] INFO  testCases.TC_001_AccountRegistrationTest - Clicked on my account link
21:36:40.464 [TestNG-tests-1] INFO  testCases.TC_001_AccountRegistrationTest - Clicked on my account link
21:36:41.098 [TestNG-tests-2] INFO  testCases.TC_001_AccountRegistrationTest - Clicked on register link
21:36:41.105 [TestNG-tests-2] INFO  testCases.TC_001_AccountRegistrationTest - Providing customer data
21:36:41.277 [TestNG-tests-1] INFO  testCases.TC_001_AccountRegistrationTest - Clicked on register link
21:36:41.280 [TestNG-tests-1] INFO  testCases.TC_001_AccountRegistrationTest - Providing customer data
21:36:43.302 [TestNG-tests-2] INFO  testCases.TC_001_AccountRegistrationTest - test failed
21:36:43.453 [TestNG-tests-1] INFO  testCases.TC_001_AccountRegistrationTest - test failed
21:54:18.004 [main] INFO  testCases.TC_001_AccountRegistrationTest - ****    Stating TC_001_AccountRegistrationTest   **** 
21:54:18.140 [main] INFO  testCases.TC_001_AccountRegistrationTest - Clicked on my account link
21:54:18.680 [main] INFO  testCases.TC_001_AccountRegistrationTest - Clicked on register link
21:54:18.682 [main] INFO  testCases.TC_001_AccountRegistrationTest - Providing customer data
21:54:20.120 [main] INFO  testCases.TC_001_AccountRegistrationTest - test failed
22:23:55.324 [main] INFO  testCases.TC_001_AccountRegistrationTest - ****    Stating TC_001_AccountRegistrationTest   **** 
22:23:55.448 [main] INFO  testCases.TC_001_AccountRegistrationTest - Clicked on my account link
22:23:56.032 [main] INFO  testCases.TC_001_AccountRegistrationTest - Clicked on register link
22:23:56.034 [main] INFO  testCases.TC_001_AccountRegistrationTest - Providing customer data
22:23:57.438 [main] INFO  testCases.TC_001_AccountRegistrationTest - test failed
19:33:25.595 [main] INFO  testCases.TC_002_LoginTest - Starting TC_002_LoginTest
19:33:25.599 [main] INFO  testCases.TC_002_LoginTest - Starting TC_002_LoginTest
19:33:25.736 [main] INFO  testCases.TC_002_LoginTest - clicked on my account 
19:33:26.217 [main] INFO  testCases.TC_002_LoginTest - clicked on link login
19:33:26.221 [main] INFO  testCases.TC_002_LoginTest - providing login details 
19:34:47.350 [main] INFO  testCases.TC_002_LoginTest - Starting TC_002_LoginTest
19:34:47.360 [main] INFO  testCases.TC_002_LoginTest - Starting TC_002_LoginTest
19:34:47.469 [main] INFO  testCases.TC_002_LoginTest - clicked on my account 
19:34:48.308 [main] INFO  testCases.TC_002_LoginTest - clicked on link login
19:34:48.310 [main] INFO  testCases.TC_002_LoginTest - providing login details 
